<?xml version="1.0" encoding="UTF-8"?>
<testsuite name="com.bridgelabz.junit.JunitTest" tests="11" skipped="0" failures="0" errors="0" timestamp="2020-04-07T05:34:53" hostname="LAPTOP-M8PELJBS" time="0.036">
  <properties/>
  <testcase name="givenEmptyMood_ShouldReturn_EnterNonEmptyMood" classname="com.bridgelabz.junit.JunitTest" time="0.015"/>
  <testcase name="givenHappyMessage_UsingReflection_ShouldReturnHappy" classname="com.bridgelabz.junit.JunitTest" time="0.005"/>
  <testcase name="happyMoodTest" classname="com.bridgelabz.junit.JunitTest" time="0.0"/>
  <testcase name="givenMoodAnalyserObject_whenProper_ShouldReturnObject" classname="com.bridgelabz.junit.JunitTest" time="0.0"/>
  <testcase name="moodTest" classname="com.bridgelabz.junit.JunitTest" time="0.0"/>
  <testcase name="givenHappyMessage_withDefaultConstructor_ShouldReturnHappy" classname="com.bridgelabz.junit.JunitTest" time="0.002"/>
  <testcase name="givenMoodAnalyser_OnChangeMood_ShouldReturnHappy" classname="com.bridgelabz.junit.JunitTest" time="0.0"/>
  <testcase name="givenNullMessage_UsingReflection_ShouldReturnException" classname="com.bridgelabz.junit.JunitTest" time="0.001"/>
  <testcase name="givenNullMood_ShouldReturnHappy" classname="com.bridgelabz.junit.JunitTest" time="0.0"/>
  <testcase name="givenMoodAnalyserObject_whenProper_ShouldReturnHappy" classname="com.bridgelabz.junit.JunitTest" time="0.0"/>
  <testcase name="givenMoodAnalyser_withType_ShouldReturnHappy" classname="com.bridgelabz.junit.JunitTest" time="0.0"/>
  <system-out><![CDATA[]]></system-out>
  <system-err><![CDATA[]]></system-err>
</testsuite>
