<?xml version="1.0" encoding="UTF-8"?>
<testsuite name="com.bridgelabz.junit.JunitTest" tests="1" skipped="0" failures="0" errors="0" timestamp="2020-04-04T07:36:42" hostname="LAPTOP-M8PELJBS" time="0.005">
  <properties/>
  <testcase name="givenHappyMessage_UsingReflection_ShouldReturnHappy" classname="com.bridgelabz.junit.JunitTest" time="0.005"/>
  <system-out><![CDATA[]]></system-out>
  <system-err><![CDATA[]]></system-err>
</testsuite>
